<?xml version="1.0" encoding="UTF-8"?>
<robot generator="Robot 5.0.1 (Python 3.8.10 on linux)" generated="20220904 23:07:52.970" rpa="false" schemaversion="3">
<suite id="s1" name="Task1" source="/home/aulia/Documents/Task/task1.robot">
<test id="s1-t1" name="LoginTest" line="10">
<kw name="Open Browser" library="SeleniumLibrary">
<arg>${URL}</arg>
<arg>${Browser}</arg>
<doc>Opens a new browser instance to the optional ``url``.</doc>
<msg timestamp="20220904 23:07:53.170" level="INFO">Opening browser 'Chrome' to base url 'https://opensource-demo.orangehrmlive.com/'.</msg>
<status status="PASS" starttime="20220904 23:07:53.169" endtime="20220904 23:08:01.882"/>
</kw>
<kw name="Set Selenium Speed" library="SeleniumLibrary">
<arg>1s</arg>
<doc>Sets the delay that is waited after each Selenium command.</doc>
<status status="PASS" starttime="20220904 23:08:01.882" endtime="20220904 23:08:01.883"/>
</kw>
<kw name="Maximize Browser Window" library="SeleniumLibrary">
<doc>Maximizes current browser window.</doc>
<status status="PASS" starttime="20220904 23:08:01.884" endtime="20220904 23:08:02.991"/>
</kw>
<kw name="Input Text" library="SeleniumLibrary">
<arg>xpath://*[@id="app"]/div[1]/div/div[1]/div/div[2]/div[2]/form/div[1]/div/div[2]/input</arg>
<arg>admin</arg>
<doc>Types the given ``text`` into the text field identified by ``locator``.</doc>
<msg timestamp="20220904 23:08:02.994" level="INFO">Typing text 'admin' into text field 'xpath://*[@id="app"]/div[1]/div/div[1]/div/div[2]/div[2]/form/div[1]/div/div[2]/input'.</msg>
<status status="PASS" starttime="20220904 23:08:02.992" endtime="20220904 23:08:06.123"/>
</kw>
<kw name="Input Text" library="SeleniumLibrary">
<arg>xpath://*[@id="app"]/div[1]/div/div[1]/div/div[2]/div[2]/form/div[2]/div/div[2]/input</arg>
<arg>admin123</arg>
<doc>Types the given ``text`` into the text field identified by ``locator``.</doc>
<msg timestamp="20220904 23:08:06.124" level="INFO">Typing text 'admin123' into text field 'xpath://*[@id="app"]/div[1]/div/div[1]/div/div[2]/div[2]/form/div[2]/div/div[2]/input'.</msg>
<status status="PASS" starttime="20220904 23:08:06.123" endtime="20220904 23:08:09.265"/>
</kw>
<kw name="Click Button" library="SeleniumLibrary">
<arg>xpath://*[@id="app"]/div[1]/div/div[1]/div/div[2]/div[2]/form/div[3]/button</arg>
<doc>Clicks the button identified by ``locator``.</doc>
<msg timestamp="20220904 23:08:09.267" level="INFO">Clicking button 'xpath://*[@id="app"]/div[1]/div/div[1]/div/div[2]/div[2]/form/div[3]/button'.</msg>
<status status="PASS" starttime="20220904 23:08:09.266" endtime="20220904 23:08:14.390"/>
</kw>
<kw name="Wait Until Page Contains Element" library="SeleniumLibrary">
<arg>xpath://*[@id="app"]/div[1]/div[1]/aside/nav/div[2]/ul/li[1]/a</arg>
<doc>Waits until the element ``locator`` appears on the current page.</doc>
<status status="PASS" starttime="20220904 23:08:14.391" endtime="20220904 23:08:17.949"/>
</kw>
<status status="PASS" starttime="20220904 23:07:53.167" endtime="20220904 23:08:17.950"/>
</test>
<test id="s1-t2" name="Admin" line="18">
<kw name="Click Element" library="SeleniumLibrary">
<arg>xpath://*[@id="app"]/div[1]/div[1]/aside/nav/div[2]/ul/li[1]/a</arg>
<doc>Click the element identified by ``locator``.</doc>
<msg timestamp="20220904 23:08:17.956" level="INFO">Clicking element 'xpath://*[@id="app"]/div[1]/div[1]/aside/nav/div[2]/ul/li[1]/a'.</msg>
<status status="PASS" starttime="20220904 23:08:17.955" endtime="20220904 23:08:21.346"/>
</kw>
<kw name="Input Text" library="SeleniumLibrary">
<arg>xpath://*[@id="app"]/div[1]/div[2]/div[2]/div/div[1]/div[2]/form/div[1]/div/div[1]/div/div[2]/input</arg>
<arg>justin</arg>
<doc>Types the given ``text`` into the text field identified by ``locator``.</doc>
<msg timestamp="20220904 23:08:21.347" level="INFO">Typing text 'justin' into text field 'xpath://*[@id="app"]/div[1]/div[2]/div[2]/div/div[1]/div[2]/form/div[1]/div/div[1]/div/div[2]/input'.</msg>
<status status="PASS" starttime="20220904 23:08:21.347" endtime="20220904 23:08:24.503"/>
</kw>
<kw name="Wait Until Page Contains Element" library="SeleniumLibrary">
<arg>xpath://*[@id="app"]/div[1]/div[2]/div[2]/div/div[1]/div[2]/form/div[1]/div/div[2]/div/div[2]/div/div/div[2]/i</arg>
<doc>Waits until the element ``locator`` appears on the current page.</doc>
<status status="PASS" starttime="20220904 23:08:24.503" endtime="20220904 23:08:25.573"/>
</kw>
<kw name="Click Element" library="SeleniumLibrary">
<arg>xpath://*[@id="app"]/div[1]/div[2]/div[2]/div/div[1]/div[2]/form/div[1]/div/div[2]/div/div[2]/div/div/div[1]</arg>
<doc>Click the element identified by ``locator``.</doc>
<msg timestamp="20220904 23:08:25.574" level="INFO">Clicking element 'xpath://*[@id="app"]/div[1]/div[2]/div[2]/div/div[1]/div[2]/form/div[1]/div/div[2]/div/div[2]/div/div/div[1]'.</msg>
<status status="PASS" starttime="20220904 23:08:25.574" endtime="20220904 23:08:27.679"/>
</kw>
<kw name="Input Text" library="SeleniumLibrary">
<arg>xpath://*[@id="app"]/div[1]/div[2]/div[2]/div/div[1]/div[2]/form/div[1]/div/div[3]/div/div[2]/div/div/input</arg>
<arg>PT. COBA-COBA</arg>
<doc>Types the given ``text`` into the text field identified by ``locator``.</doc>
<msg timestamp="20220904 23:08:27.681" level="INFO">Typing text 'PT. COBA-COBA' into text field 'xpath://*[@id="app"]/div[1]/div[2]/div[2]/div/div[1]/div[2]/form/div[1]/div/div[3]/div/div[2]/div/div/input'.</msg>
<status status="PASS" starttime="20220904 23:08:27.680" endtime="20220904 23:08:30.861"/>
</kw>
<kw name="Wait Until Page Contains Element" library="SeleniumLibrary">
<arg>xpath:xpath://*[@id="app"]/div[1]/div[2]/div[2]/div/div[1]/div[2]/form/div[1]/div/div[4]/div/div[2]/div/div/div[2]/i</arg>
<doc>Waits until the element ``locator`` appears on the current page.</doc>
<msg timestamp="20220904 23:08:32.041" level="INFO" html="true">&lt;/td&gt;&lt;/tr&gt;&lt;tr&gt;&lt;td colspan="3"&gt;&lt;a href="selenium-screenshot-5.png"&gt;&lt;img src="selenium-screenshot-5.png" width="800px"&gt;&lt;/a&gt;</msg>
<msg timestamp="20220904 23:08:32.044" level="FAIL">InvalidSelectorException: Message: invalid selector: Unable to locate an element with the xpath expression xpath://*[@id="app"]/div[1]/div[2]/div[2]/div/div[1]/div[2]/form/div[1]/div/div[4]/div/div[2]/div/div/div[2]/i because of the following error:
SyntaxError: Failed to execute 'evaluate' on 'Document': The string 'xpath://*[@id="app"]/div[1]/div[2]/div[2]/div/div[1]/div[2]/form/div[1]/div/div[4]/div/div[2]/div/div/div[2]/i' is not a valid XPath expression.
  (Session info: chrome=104.0.5112.101)
Stacktrace:
#0 0x55918b784cd3 &lt;unknown&gt;
#1 0x55918b58c968 &lt;unknown&gt;
#2 0x55918b58f7c7 &lt;unknown&gt;
#3 0x55918b58f66b &lt;unknown&gt;
#4 0x55918b58f92c &lt;unknown&gt;
#5 0x55918b5c3cfe &lt;unknown&gt;
#6 0x55918b5c41a1 &lt;unknown&gt;
#7 0x55918b5f7191 &lt;unknown&gt;
#8 0x55918b5e1bdd &lt;unknown&gt;
#9 0x55918b5f4ea8 &lt;unknown&gt;
#10 0x55918b5e1aa3 &lt;unknown&gt;
#11 0x55918b5b73fa &lt;unknown&gt;
#12 0x55918b5b8555 &lt;unknown&gt;
#13 0x55918b7cc2bd &lt;unknown&gt;
#14 0x55918b7d0418 &lt;unknown&gt;
#15 0x55918b7b636e &lt;unknown&gt;
#16 0x55918b7d1078 &lt;unknown&gt;
#17 0x55918b7aabb0 &lt;unknown&gt;
#18 0x55918b7edd58 &lt;unknown&gt;
#19 0x55918b7eded8 &lt;unknown&gt;
#20 0x55918b807cfd &lt;unknown&gt;
#21 0x7f493c2a2609 &lt;unknown&gt;
</msg>
<status status="FAIL" starttime="20220904 23:08:30.861" endtime="20220904 23:08:32.047"/>
</kw>
<status status="FAIL" starttime="20220904 23:08:17.953" endtime="20220904 23:08:32.049">InvalidSelectorException: Message: invalid selector: Unable to locate an element with the xpath expression xpath://*[@id="app"]/div[1]/div[2]/div[2]/div/div[1]/div[2]/form/div[1]/div/div[4]/div/div[2]/div/div/div[2]/i because of the following error:
SyntaxError: Failed to execute 'evaluate' on 'Document': The string 'xpath://*[@id="app"]/div[1]/div[2]/div[2]/div/div[1]/div[2]/form/div[1]/div/div[4]/div/div[2]/div/div/div[2]/i' is not a valid XPath expression.
  (Session info: chrome=104.0.5112.101)
Stacktrace:
#0 0x55918b784cd3 &lt;unknown&gt;
#1 0x55918b58c968 &lt;unknown&gt;
#2 0x55918b58f7c7 &lt;unknown&gt;
#3 0x55918b58f66b &lt;unknown&gt;
#4 0x55918b58f92c &lt;unknown&gt;
#5 0x55918b5c3cfe &lt;unknown&gt;
#6 0x55918b5c41a1 &lt;unknown&gt;
#7 0x55918b5f7191 &lt;unknown&gt;
#8 0x55918b5e1bdd &lt;unknown&gt;
#9 0x55918b5f4ea8 &lt;unknown&gt;
#10 0x55918b5e1aa3 &lt;unknown&gt;
#11 0x55918b5b73fa &lt;unknown&gt;
#12 0x55918b5b8555 &lt;unknown&gt;
#13 0x55918b7cc2bd &lt;unknown&gt;
#14 0x55918b7d0418 &lt;unknown&gt;
#15 0x55918b7b636e &lt;unknown&gt;
#16 0x55918b7d1078 &lt;unknown&gt;
#17 0x55918b7aabb0 &lt;unknown&gt;
#18 0x55918b7edd58 &lt;unknown&gt;
#19 0x55918b7eded8 &lt;unknown&gt;
#20 0x55918b807cfd &lt;unknown&gt;
#21 0x7f493c2a2609 &lt;unknown&gt;
</status>
</test>
<test id="s1-t3" name="PIM" line="25">
<kw name="Click Element" library="SeleniumLibrary">
<arg>xpath://*[@id="app"]/div[1]/div[1]/aside/nav/div[2]/ul/li[2]/a/span//*[@id="app"]/div[1]/div[1]/aside/nav/div[2]/ul/li[2]/a/span</arg>
<doc>Click the element identified by ``locator``.</doc>
<msg timestamp="20220904 23:08:32.053" level="INFO">Clicking element 'xpath://*[@id="app"]/div[1]/div[1]/aside/nav/div[2]/ul/li[2]/a/span//*[@id="app"]/div[1]/div[1]/aside/nav/div[2]/ul/li[2]/a/span'.</msg>
<msg timestamp="20220904 23:08:34.206" level="INFO" html="true">&lt;/td&gt;&lt;/tr&gt;&lt;tr&gt;&lt;td colspan="3"&gt;&lt;a href="selenium-screenshot-6.png"&gt;&lt;img src="selenium-screenshot-6.png" width="800px"&gt;&lt;/a&gt;</msg>
<msg timestamp="20220904 23:08:34.207" level="FAIL">Element with locator 'xpath://*[@id="app"]/div[1]/div[1]/aside/nav/div[2]/ul/li[2]/a/span//*[@id="app"]/div[1]/div[1]/aside/nav/div[2]/ul/li[2]/a/span' not found.</msg>
<status status="FAIL" starttime="20220904 23:08:32.052" endtime="20220904 23:08:34.209"/>
</kw>
<status status="FAIL" starttime="20220904 23:08:32.051" endtime="20220904 23:08:34.213">Element with locator 'xpath://*[@id="app"]/div[1]/div[1]/aside/nav/div[2]/ul/li[2]/a/span//*[@id="app"]/div[1]/div[1]/aside/nav/div[2]/ul/li[2]/a/span' not found.</status>
</test>
<test id="s1-t4" name="LEAVE" line="27">
<kw name="Click Element" library="SeleniumLibrary">
<arg>xpath://*[@id="app"]/div[1]/div[1]/aside/nav/div[2]/ul/li[3]/a/span</arg>
<doc>Click the element identified by ``locator``.</doc>
<msg timestamp="20220904 23:08:34.216" level="INFO">Clicking element 'xpath://*[@id="app"]/div[1]/div[1]/aside/nav/div[2]/ul/li[3]/a/span'.</msg>
<status status="PASS" starttime="20220904 23:08:34.215" endtime="20220904 23:08:37.343"/>
</kw>
<status status="PASS" starttime="20220904 23:08:34.214" endtime="20220904 23:08:37.344"/>
</test>
<test id="s1-t5" name="Time" line="29">
<kw name="Click Element" library="SeleniumLibrary">
<arg>xpath://*[@id="app"]/div[1]/div[1]/aside/nav/div[2]/ul/li[4]/a</arg>
<doc>Click the element identified by ``locator``.</doc>
<msg timestamp="20220904 23:08:37.347" level="INFO">Clicking element 'xpath://*[@id="app"]/div[1]/div[1]/aside/nav/div[2]/ul/li[4]/a'.</msg>
<status status="PASS" starttime="20220904 23:08:37.346" endtime="20220904 23:08:40.431"/>
</kw>
<status status="PASS" starttime="20220904 23:08:37.345" endtime="20220904 23:08:40.432"/>
</test>
<status status="FAIL" starttime="20220904 23:07:52.972" endtime="20220904 23:08:40.436"/>
</suite>
<statistics>
<total>
<stat pass="3" fail="2" skip="0">All Tests</stat>
</total>
<tag>
</tag>
<suite>
<stat pass="3" fail="2" skip="0" id="s1" name="Task1">Task1</stat>
</suite>
</statistics>
<errors>
</errors>
</robot>
